<?xml version="1.0" encoding="UTF-8"?>
<!-- Generated by org.testng.reporters.JUnitReportReporter -->
<testsuite skipped="0" hostname="LAPTOP-4FMTI4A0" name="LIVEPROJECT.E2EPROJECT.Gettext" tests="1" failures="0" timestamp="2020-07-18T18:52:12 VLAT" time="0.133" errors="0">
  <testcase name="navigatepage" time="0.133" classname="LIVEPROJECT.E2EPROJECT.Gettext"/>
  <system-out/>
</testsuite> <!-- LIVEPROJECT.E2EPROJECT.Gettext -->
