<?xml version="1.0" encoding="UTF-8"?>
<!-- Generated by org.testng.reporters.JUnitReportReporter -->
<testsuite skipped="0" hostname="LAPTOP-4FMTI4A0" name="LIVEPROJECT.E2EPROJECT.BaseTest" tests="2" failures="0" timestamp="2020-07-28T08:59:18 VLAT" time="7.148" errors="0">
  <testcase name="checklogin" time="3.717" classname="LIVEPROJECT.E2EPROJECT.BaseTest"/>
  <system-out/>
  <testcase name="checklogin" time="3.431" classname="LIVEPROJECT.E2EPROJECT.BaseTest"/>
  <system-out/>
</testsuite> <!-- LIVEPROJECT.E2EPROJECT.BaseTest -->
